This is pdfTeX, Version 3.141592653-2.6-1.40.26 (TeX Live 2024) (preloaded format=pdflatex 2024.5.15)  15 MAY 2024 21:02
entering extended mode
 restricted \write18 enabled.
 %&-line parsing enabled.
**2_ams_five_pager.tex
(./2_ams_five_pager.tex
LaTeX2e <2023-11-01> patch level 1
L3 programming layer <2024-04-11>
(c:/texlive/2024/texmf-dist/tex/latex/apa6/apa6.cls
Document Class: apa6 2023/08/07 v2.35 APA formatting (6th edition)
(c:/texlive/2024/texmf-dist/tex/latex/base/article.cls
Document Class: article 2023/05/17 v1.4n Standard LaTeX document class
(c:/texlive/2024/texmf-dist/tex/latex/base/size12.clo
File: size12.clo 2023/05/17 v1.4n Standard LaTeX file (size option)
)
\c@part=\count189
\c@section=\count190
\c@subsection=\count191
\c@subsubsection=\count192
\c@paragraph=\count193
\c@subparagraph=\count194
\c@figure=\count195
\c@table=\count196
\abovecaptionskip=\skip48
\belowcaptionskip=\skip49
\bibindent=\dimen140
) (c:/texlive/2024/texmf-dist/tex/latex/etoolbox/etoolbox.sty
Package: etoolbox 2020/10/05 v2.5k e-TeX tools for LaTeX (JAW)
\etb@tempcnta=\count197
)
Class apa6 Info: No bibliography package was specified; defaulting to (but not 
loading) Biblatex on input line 213.
(c:/texlive/2024/texmf-dist/tex/latex/lm/lmodern.sty
Package: lmodern 2015/05/01 v1.6.1 Latin Modern Fonts
LaTeX Font Info:    Overwriting symbol font `operators' in version `normal'
(Font)                  OT1/cmr/m/n --> OT1/lmr/m/n on input line 22.
LaTeX Font Info:    Overwriting symbol font `letters' in version `normal'
(Font)                  OML/cmm/m/it --> OML/lmm/m/it on input line 23.
LaTeX Font Info:    Overwriting symbol font `symbols' in version `normal'
(Font)                  OMS/cmsy/m/n --> OMS/lmsy/m/n on input line 24.
LaTeX Font Info:    Overwriting symbol font `largesymbols' in version `normal'
(Font)                  OMX/cmex/m/n --> OMX/lmex/m/n on input line 25.
LaTeX Font Info:    Overwriting symbol font `operators' in version `bold'
(Font)                  OT1/cmr/bx/n --> OT1/lmr/bx/n on input line 26.
LaTeX Font Info:    Overwriting symbol font `letters' in version `bold'
(Font)                  OML/cmm/b/it --> OML/lmm/b/it on input line 27.
LaTeX Font Info:    Overwriting symbol font `symbols' in version `bold'
(Font)                  OMS/cmsy/b/n --> OMS/lmsy/b/n on input line 28.
LaTeX Font Info:    Overwriting symbol font `largesymbols' in version `bold'
(Font)                  OMX/cmex/m/n --> OMX/lmex/m/n on input line 29.
LaTeX Font Info:    Overwriting math alphabet `\mathbf' in version `normal'
(Font)                  OT1/cmr/bx/n --> OT1/lmr/bx/n on input line 31.
LaTeX Font Info:    Overwriting math alphabet `\mathsf' in version `normal'
(Font)                  OT1/cmss/m/n --> OT1/lmss/m/n on input line 32.
LaTeX Font Info:    Overwriting math alphabet `\mathit' in version `normal'
(Font)                  OT1/cmr/m/it --> OT1/lmr/m/it on input line 33.
LaTeX Font Info:    Overwriting math alphabet `\mathtt' in version `normal'
(Font)                  OT1/cmtt/m/n --> OT1/lmtt/m/n on input line 34.
LaTeX Font Info:    Overwriting math alphabet `\mathbf' in version `bold'
(Font)                  OT1/cmr/bx/n --> OT1/lmr/bx/n on input line 35.
LaTeX Font Info:    Overwriting math alphabet `\mathsf' in version `bold'
(Font)                  OT1/cmss/bx/n --> OT1/lmss/bx/n on input line 36.
LaTeX Font Info:    Overwriting math alphabet `\mathit' in version `bold'
(Font)                  OT1/cmr/bx/it --> OT1/lmr/bx/it on input line 37.
LaTeX Font Info:    Overwriting math alphabet `\mathtt' in version `bold'
(Font)                  OT1/cmtt/m/n --> OT1/lmtt/m/n on input line 38.
) (c:/texlive/2024/texmf-dist/tex/latex/base/fontenc.sty
Package: fontenc 2021/04/29 v2.0v Standard LaTeX package
LaTeX Font Info:    Trying to load font information for T1+lmr on input line 11
2.
(c:/texlive/2024/texmf-dist/tex/latex/lm/t1lmr.fd
File: t1lmr.fd 2015/05/01 v1.6.1 Font defs for Latin Modern
)) (c:/texlive/2024/texmf-dist/tex/latex/geometry/geometry.sty
Package: geometry 2020/01/02 v5.9 Page Geometry
(c:/texlive/2024/texmf-dist/tex/latex/graphics/keyval.sty
Package: keyval 2022/05/29 v1.15 key=value parser (DPC)
\KV@toks@=\toks17
) (c:/texlive/2024/texmf-dist/tex/generic/iftex/ifvtex.sty
Package: ifvtex 2019/10/25 v1.7 ifvtex legacy package. Use iftex instead.
(c:/texlive/2024/texmf-dist/tex/generic/iftex/iftex.sty
Package: iftex 2022/02/03 v1.0f TeX engine tests
))
\Gm@cnth=\count198
\Gm@cntv=\count199
\c@Gm@tempcnt=\count266
\Gm@bindingoffset=\dimen141
\Gm@wd@mp=\dimen142
\Gm@odd@mp=\dimen143
\Gm@even@mp=\dimen144
\Gm@layoutwidth=\dimen145
\Gm@layoutheight=\dimen146
\Gm@layouthoffset=\dimen147
\Gm@layoutvoffset=\dimen148
\Gm@dimlist=\toks18
) (c:/texlive/2024/texmf-dist/tex/latex/graphics/graphicx.sty
Package: graphicx 2021/09/16 v1.2d Enhanced LaTeX Graphics (DPC,SPQR)
(c:/texlive/2024/texmf-dist/tex/latex/graphics/graphics.sty
Package: graphics 2022/03/10 v1.4e Standard LaTeX Graphics (DPC,SPQR)
(c:/texlive/2024/texmf-dist/tex/latex/graphics/trig.sty
Package: trig 2021/08/11 v1.11 sin cos tan (DPC)
) (c:/texlive/2024/texmf-dist/tex/latex/graphics-cfg/graphics.cfg
File: graphics.cfg 2016/06/04 v1.11 sample graphics configuration
)
Package graphics Info: Driver file: pdftex.def on input line 107.
(c:/texlive/2024/texmf-dist/tex/latex/graphics-def/pdftex.def
File: pdftex.def 2024/04/13 v1.2c Graphics/color driver for pdftex
))
\Gin@req@height=\dimen149
\Gin@req@width=\dimen150
) (c:/texlive/2024/texmf-dist/tex/generic/gettitlestring/gettitlestring.sty
Package: gettitlestring 2019/12/15 v1.6 Cleanup title references (HO)
(c:/texlive/2024/texmf-dist/tex/latex/kvoptions/kvoptions.sty
Package: kvoptions 2022-06-15 v3.15 Key value format for package options (HO)
(c:/texlive/2024/texmf-dist/tex/generic/ltxcmds/ltxcmds.sty
Package: ltxcmds 2023-12-04 v1.26 LaTeX kernel commands for general use (HO)
) (c:/texlive/2024/texmf-dist/tex/latex/kvsetkeys/kvsetkeys.sty
Package: kvsetkeys 2022-10-05 v1.19 Key value parser (HO)
))) (c:/texlive/2024/texmf-dist/tex/latex/booktabs/booktabs.sty
Package: booktabs 2020/01/12 v1.61803398 Publication quality tables
\heavyrulewidth=\dimen151
\lightrulewidth=\dimen152
\cmidrulewidth=\dimen153
\belowrulesep=\dimen154
\belowbottomsep=\dimen155
\aboverulesep=\dimen156
\abovetopsep=\dimen157
\cmidrulesep=\dimen158
\cmidrulekern=\dimen159
\defaultaddspace=\dimen160
\@cmidla=\count267
\@cmidlb=\count268
\@aboverulesep=\dimen161
\@belowrulesep=\dimen162
\@thisruleclass=\count269
\@lastruleclass=\count270
\@thisrulewidth=\dimen163
) (c:/texlive/2024/texmf-dist/tex/latex/threeparttable/threeparttable.sty
Package: threeparttable 2003/06/13  v 3.0
\@tempboxb=\box51
)
\b@level@one@skip=\skip50
\e@level@one@skip=\skip51
\b@level@two@skip=\skip52
\e@level@two@skip=\skip53
\b@level@three@skip=\skip54
\e@level@three@skip=\skip55
\b@level@four@skip=\skip56
\e@level@four@skip=\skip57
\b@level@five@skip=\skip58
\e@level@five@skip=\skip59
(c:/texlive/2024/texmf-dist/tex/latex/caption/caption.sty
Package: caption 2023/08/05 v3.6o Customizing captions (AR)
(c:/texlive/2024/texmf-dist/tex/latex/caption/caption3.sty
Package: caption3 2023/07/31 v2.4d caption3 kernel (AR)
\caption@tempdima=\dimen164
\captionmargin=\dimen165
\caption@leftmargin=\dimen166
\caption@rightmargin=\dimen167
\caption@width=\dimen168
\caption@indent=\dimen169
\caption@parindent=\dimen170
\caption@hangindent=\dimen171
Package caption Info: Standard document class detected.
)
\c@caption@flags=\count271
\c@continuedfloat=\count272
Package caption Info: threeparttable package is loaded.
)
\c@APAenum=\count273
\@text@par@indent=\skip60
\gr@box=\box52
\gr@boxwidth=\skip61
\gr@boxheight=\skip62
(c:/texlive/2024/texmf-dist/tex/latex/tools/bm.sty
Package: bm 2023/07/08 v1.2f Bold Symbol Support (DPC/FMi)
\symboldoperators=\mathgroup4
\symboldletters=\mathgroup5
\symboldsymbols=\mathgroup6
Package bm Info: No bold for \OMX/lmex/m/n, using \pmb.
LaTeX Font Info:    Redeclaring math alphabet \mathbf on input line 149.
)
\c@appendix=\count274
(c:/texlive/2024/texmf-dist/tex/latex/fancyhdr/fancyhdr.sty
Package: fancyhdr 2024/04/23 v4.2 Extensive control of page headers and footers

\f@nch@headwidth=\skip63
\f@nch@O@elh=\skip64
\f@nch@O@erh=\skip65
\f@nch@O@olh=\skip66
\f@nch@O@orh=\skip67
\f@nch@O@elf=\skip68
\f@nch@O@erf=\skip69
\f@nch@O@olf=\skip70
\f@nch@O@orf=\skip71
) (c:/texlive/2024/texmf-dist/tex/latex/endfloat/endfloat.sty
Package: endfloat 2019/04/15 v2.7 LaTeX2e package puts figures and tables at en
d (jdm)
\c@posttable=\count275
\efloat@postttt=\write3
\@ef@tttopen=\count276
\c@postfigure=\count277
\efloat@postfff=\write4
\@ef@fffopen=\count278
) (c:/texlive/2024/texmf-dist/tex/latex/float/float.sty
Package: float 2001/11/08 v1.3d Float enhancements (AL)
\c@float@type=\count279
\float@exts=\toks19
\float@box=\box53
\@float@everytoks=\toks20
\@floatcapt=\box54
)) (c:/texlive/2024/texmf-dist/tex/latex/amsmath/amsmath.sty
Package: amsmath 2023/05/13 v2.17o AMS math features
\@mathmargin=\skip72
For additional information on amsmath, use the `?' option.
(c:/texlive/2024/texmf-dist/tex/latex/amsmath/amstext.sty
Package: amstext 2021/08/26 v2.01 AMS text
(c:/texlive/2024/texmf-dist/tex/latex/amsmath/amsgen.sty
File: amsgen.sty 1999/11/30 v2.0 generic functions
\@emptytoks=\toks21
\ex@=\dimen172
)) (c:/texlive/2024/texmf-dist/tex/latex/amsmath/amsbsy.sty
Package: amsbsy 1999/11/29 v1.2d Bold Symbols
LaTeX Info: Redefining \boldsymbol on input line 28.
\pmbraise@=\dimen173
) (c:/texlive/2024/texmf-dist/tex/latex/amsmath/amsopn.sty
Package: amsopn 2022/04/08 v2.04 operator names
)
\inf@bad=\count280
LaTeX Info: Redefining \frac on input line 234.
\uproot@=\count281
\leftroot@=\count282
LaTeX Info: Redefining \overline on input line 399.
LaTeX Info: Redefining \colon on input line 410.
\classnum@=\count283
\DOTSCASE@=\count284
LaTeX Info: Redefining \ldots on input line 496.
LaTeX Info: Redefining \dots on input line 499.
LaTeX Info: Redefining \cdots on input line 620.
\Mathstrutbox@=\box55
\strutbox@=\box56
LaTeX Info: Redefining \big on input line 722.
LaTeX Info: Redefining \Big on input line 723.
LaTeX Info: Redefining \bigg on input line 724.
LaTeX Info: Redefining \Bigg on input line 725.
\big@size=\dimen174
LaTeX Font Info:    Redeclaring font encoding OML on input line 743.
LaTeX Font Info:    Redeclaring font encoding OMS on input line 744.
\macc@depth=\count285
LaTeX Info: Redefining \bmod on input line 905.
LaTeX Info: Redefining \pmod on input line 910.
LaTeX Info: Redefining \smash on input line 940.
LaTeX Info: Redefining \relbar on input line 970.
LaTeX Info: Redefining \Relbar on input line 971.
\c@MaxMatrixCols=\count286
\dotsspace@=\muskip16
\c@parentequation=\count287
\dspbrk@lvl=\count288
\tag@help=\toks22
\row@=\count289
\column@=\count290
\maxfields@=\count291
\andhelp@=\toks23
\eqnshift@=\dimen175
\alignsep@=\dimen176
\tagshift@=\dimen177
\tagwidth@=\dimen178
\totwidth@=\dimen179
\lineht@=\dimen180
\@envbody=\toks24
\multlinegap=\skip73
\multlinetaggap=\skip74
\mathdisplay@stack=\toks25
LaTeX Info: Redefining \[ on input line 2953.
LaTeX Info: Redefining \] on input line 2954.
) (c:/texlive/2024/texmf-dist/tex/latex/amsfonts/amssymb.sty
Package: amssymb 2013/01/14 v3.01 AMS font symbols
(c:/texlive/2024/texmf-dist/tex/latex/amsfonts/amsfonts.sty
Package: amsfonts 2013/01/14 v3.01 Basic AMSFonts support
\symAMSa=\mathgroup7
\symAMSb=\mathgroup8
LaTeX Font Info:    Redeclaring math symbol \hbar on input line 98.
LaTeX Font Info:    Overwriting math alphabet `\mathfrak' in version `bold'
(Font)                  U/euf/m/n --> U/euf/b/n on input line 106.
)) (c:/texlive/2024/texmf-dist/tex/latex/base/fontenc.sty
Package: fontenc 2021/04/29 v2.0v Standard LaTeX package
) (c:/texlive/2024/texmf-dist/tex/latex/base/inputenc.sty
Package: inputenc 2021/02/14 v1.3d Input encoding file
\inpenc@prehook=\toks26
\inpenc@posthook=\toks27
) (c:/texlive/2024/texmf-dist/tex/latex/base/textcomp.sty
Package: textcomp 2020/02/02 v2.0n Standard LaTeX package
) (c:/texlive/2024/texmf-dist/tex/latex/upquote/upquote.sty
Package: upquote 2012/04/19 v1.3 upright-quote and grave-accent glyphs in verba
tim
) (c:/texlive/2024/texmf-dist/tex/latex/microtype/microtype.sty
Package: microtype 2024/03/29 v3.1b Micro-typographical refinements (RS)
\MT@toks=\toks28
\MT@tempbox=\box57
\MT@count=\count292
LaTeX Info: Redefining \noprotrusionifhmode on input line 1061.
LaTeX Info: Redefining \leftprotrusion on input line 1062.
\MT@prot@toks=\toks29
LaTeX Info: Redefining \rightprotrusion on input line 1081.
LaTeX Info: Redefining \textls on input line 1392.
\MT@outer@kern=\dimen181
LaTeX Info: Redefining \textmicrotypecontext on input line 2013.
\MT@listname@count=\count293
(c:/texlive/2024/texmf-dist/tex/latex/microtype/microtype-pdftex.def
File: microtype-pdftex.def 2024/03/29 v3.1b Definitions specific to pdftex (RS)

LaTeX Info: Redefining \lsstyle on input line 902.
LaTeX Info: Redefining \lslig on input line 902.
\MT@outer@space=\skip75
)
Package microtype Info: Loading configuration file microtype.cfg.
(c:/texlive/2024/texmf-dist/tex/latex/microtype/microtype.cfg
File: microtype.cfg 2024/03/29 v3.1b microtype main configuration file (RS)
)) (c:/texlive/2024/texmf-dist/tex/latex/parskip/parskip.sty
Package: parskip 2021-03-14 v2.0h non-zero parskip adjustments
) (c:/texlive/2024/texmf-dist/tex/latex/xcolor/xcolor.sty
Package: xcolor 2023/11/15 v3.01 LaTeX color extensions (UK)
(c:/texlive/2024/texmf-dist/tex/latex/graphics-cfg/color.cfg
File: color.cfg 2016/01/02 v1.6 sample color configuration
)
Package xcolor Info: Driver file: pdftex.def on input line 274.
(c:/texlive/2024/texmf-dist/tex/latex/graphics/mathcolor.ltx)
Package xcolor Info: Model `cmy' substituted by `cmy0' on input line 1350.
Package xcolor Info: Model `hsb' substituted by `rgb' on input line 1354.
Package xcolor Info: Model `RGB' extended on input line 1366.
Package xcolor Info: Model `HTML' substituted by `rgb' on input line 1368.
Package xcolor Info: Model `Hsb' substituted by `hsb' on input line 1369.
Package xcolor Info: Model `tHsb' substituted by `hsb' on input line 1370.
Package xcolor Info: Model `HSB' substituted by `hsb' on input line 1371.
Package xcolor Info: Model `Gray' substituted by `gray' on input line 1372.
Package xcolor Info: Model `wave' substituted by `hsb' on input line 1373.
) (c:/texlive/2024/texmf-dist/tex/latex/tools/longtable.sty
Package: longtable 2023-11-01 v4.19 Multi-page Table package (DPC)
\LTleft=\skip76
\LTright=\skip77
\LTpre=\skip78
\LTpost=\skip79
\LTchunksize=\count294
\LTcapwidth=\dimen182
\LT@head=\box58
\LT@firsthead=\box59
\LT@foot=\box60
\LT@lastfoot=\box61
\LT@gbox=\box62
\LT@cols=\count295
\LT@rows=\count296
\c@LT@tables=\count297
\c@LT@chunks=\count298
\LT@p@ftn=\toks30
) (c:/texlive/2024/texmf-dist/tex/latex/tools/array.sty
Package: array 2023/10/16 v2.5g Tabular extension package (FMi)
\col@sep=\dimen183
\ar@mcellbox=\box63
\extrarowheight=\dimen184
\NC@list=\toks31
\extratabsurround=\skip80
\backup@length=\skip81
\ar@cellbox=\box64
) (c:/texlive/2024/texmf-dist/tex/latex/tools/calc.sty
Package: calc 2023/07/08 v4.3 Infix arithmetic (KKT,FJ)
\calc@Acount=\count299
\calc@Bcount=\count300
\calc@Adimen=\dimen185
\calc@Bdimen=\dimen186
\calc@Askip=\skip82
\calc@Bskip=\skip83
LaTeX Info: Redefining \setlength on input line 80.
LaTeX Info: Redefining \addtolength on input line 81.
\calc@Ccount=\count301
\calc@Cskip=\skip84
) (c:/texlive/2024/texmf-dist/tex/latex/footnotehyper/footnotehyper.sty
Package: footnotehyper 2021/08/13 v1.1e hyperref aware footnote.sty (JFB)
\FNH@notes=\box65
\FNH@width=\dimen187
\FNH@toks=\toks32
)
\cslhangindent=\skip85
\csllabelwidth=\skip86
(c:/texlive/2024/texmf-dist/tex/generic/babel/babel.sty
Package: babel 2024/04/20 v24.4 The Babel package
\babel@savecnt=\count302
\U@D=\dimen188
\l@unhyphenated=\language89
(c:/texlive/2024/texmf-dist/tex/generic/babel/txtbabel.def)
\bbl@readstream=\read2
\bbl@dirlevel=\count303
Package babel Info: You haven't specified a language as a class or package
(babel)             option. I'll load 'nil'. Reported on input line 4269.
(c:/texlive/2024/texmf-dist/tex/generic/babel/nil.ldf
Language: nil 2024/04/20 v24.4 Nil language
\l@nil=\language90
))
\everypar=\toks33
(c:/texlive/2024/texmf-dist/tex/generic/babel/locale/en/babel-english.tex)
Package babel Info: Importing data for english
(babel)             from babel-en.ini. Reported on input line 113.
(c:/texlive/2024/texmf-dist/tex/latex/was/upgreek.sty
Package: upgreek 2003/02/12 v2.0 (WaS)
Package upgreek Info: Using Euler Roman for upright Greek on input line 31.
\symugrf@m=\mathgroup9
LaTeX Font Info:    Overwriting symbol font `ugrf@m' in version `bold'
(Font)                  U/eur/m/n --> U/eur/b/n on input line 38.
) (c:/texlive/2024/texmf-dist/tex/latex/graphics/lscape.sty
Package: lscape 2020/05/28 v3.02 Landscape Pages (DPC)
) (c:/texlive/2024/texmf-dist/tex/latex/multirow/multirow.sty
Package: multirow 2021/03/15 v2.8 Span multiple rows of a table
\multirow@colwidth=\skip87
\multirow@cntb=\count304
\multirow@dima=\skip88
\bigstrutjot=\dimen189
) (c:/texlive/2024/texmf-dist/tex/latex/tools/tabularx.sty
Package: tabularx 2023/07/08 v2.11c `tabularx' package (DPC)
\TX@col@width=\dimen190
\TX@old@table=\dimen191
\TX@old@col=\dimen192
\TX@target=\dimen193
\TX@delta=\dimen194
\TX@cols=\count305
\TX@ftn=\toks34
) (c:/texlive/2024/texmf-dist/tex/latex/threeparttablex/threeparttablex.sty
Package: threeparttablex 2013/07/23 v0.3 by daleif
(c:/texlive/2024/texmf-dist/tex/latex/environ/environ.sty
Package: environ 2014/05/04 v0.3 A new way to define environments
(c:/texlive/2024/texmf-dist/tex/latex/trimspaces/trimspaces.sty
Package: trimspaces 2009/09/17 v1.1 Trim spaces around a token list
))
\TPTL@width=\skip89
)
\longtablewidth=\skip90
(c:/texlive/2024/texmf-dist/tex/latex/xpatch/xpatch.sty (c:/texlive/2024/texmf-
dist/tex/latex/l3kernel/expl3.sty
Package: expl3 2024-04-11 L3 programming layer (loader) 
(c:/texlive/2024/texmf-dist/tex/latex/l3backend/l3backend-pdftex.def
File: l3backend-pdftex.def 2024-04-11 L3 backend support: PDF output (pdfTeX)
\l__color_backend_stack_int=\count306
\l__pdf_internal_box=\box66
))
Package: xpatch 2020/03/25 v0.3a Extending etoolbox patching commands
(c:/texlive/2024/texmf-dist/tex/latex/l3packages/xparse/xparse.sty
Package: xparse 2024-03-14 L3 Experimental document command parser
)) (c:/texlive/2024/texmf-dist/tex/latex/csquotes/csquotes.sty
Package: csquotes 2024-04-04 v5.2o context-sensitive quotations (JAW)
\csq@reset=\count307
\csq@gtype=\count308
\csq@glevel=\count309
\csq@qlevel=\count310
\csq@maxlvl=\count311
\csq@tshold=\count312
\csq@ltx@everypar=\toks35
(c:/texlive/2024/texmf-dist/tex/latex/csquotes/csquotes.def
File: csquotes.def 2024-04-04 v5.2o csquotes generic definitions (JAW)
)
Package csquotes Info: Trying to load configuration file 'csquotes.cfg'...
Package csquotes Info: ... configuration file loaded successfully.
(c:/texlive/2024/texmf-dist/tex/latex/csquotes/csquotes.cfg
File: csquotes.cfg 
)) (c:/texlive/2024/texmf-dist/tex/latex/tocloft/tocloft.sty
Package: tocloft 2017/08/31 v2.3i parameterised ToC, etc., typesetting
Package tocloft Info: The document has section divisions on input line 51.
\cftparskip=\skip91
\cftbeforetoctitleskip=\skip92
\cftaftertoctitleskip=\skip93
\cftbeforepartskip=\skip94
\cftpartnumwidth=\skip95
\cftpartindent=\skip96
\cftbeforesecskip=\skip97
\cftsecindent=\skip98
\cftsecnumwidth=\skip99
\cftbeforesubsecskip=\skip100
\cftsubsecindent=\skip101
\cftsubsecnumwidth=\skip102
\cftbeforesubsubsecskip=\skip103
\cftsubsubsecindent=\skip104
\cftsubsubsecnumwidth=\skip105
\cftbeforeparaskip=\skip106
\cftparaindent=\skip107
\cftparanumwidth=\skip108
\cftbeforesubparaskip=\skip109
\cftsubparaindent=\skip110
\cftsubparanumwidth=\skip111
\cftbeforeloftitleskip=\skip112
\cftafterloftitleskip=\skip113
\cftbeforefigskip=\skip114
\cftfigindent=\skip115
\cftfignumwidth=\skip116
\c@lofdepth=\count313
\c@lotdepth=\count314
\cftbeforelottitleskip=\skip117
\cftafterlottitleskip=\skip118
\cftbeforetabskip=\skip119
\cfttabindent=\skip120
\cfttabnumwidth=\skip121

Package tocloft Warning: \@starttoc has already been redefined; tocloft bailing
 out. on input line 1156.

) (c:/texlive/2024/texmf-dist/tex/latex/bookmark/bookmark.sty
Package: bookmark 2023-12-10 v1.31 PDF bookmarks (HO)
(c:/texlive/2024/texmf-dist/tex/latex/hyperref/hyperref.sty
Package: hyperref 2024-01-20 v7.01h Hypertext links for LaTeX
(c:/texlive/2024/texmf-dist/tex/generic/kvdefinekeys/kvdefinekeys.sty
Package: kvdefinekeys 2019-12-19 v1.6 Define keys (HO)
) (c:/texlive/2024/texmf-dist/tex/generic/pdfescape/pdfescape.sty
Package: pdfescape 2019/12/09 v1.15 Implements pdfTeX's escape features (HO)
(c:/texlive/2024/texmf-dist/tex/generic/pdftexcmds/pdftexcmds.sty
Package: pdftexcmds 2020-06-27 v0.33 Utility functions of pdfTeX for LuaTeX (HO
)
(c:/texlive/2024/texmf-dist/tex/generic/infwarerr/infwarerr.sty
Package: infwarerr 2019/12/03 v1.5 Providing info/warning/error messages (HO)
)
Package pdftexcmds Info: \pdf@primitive is available.
Package pdftexcmds Info: \pdf@ifprimitive is available.
Package pdftexcmds Info: \pdfdraftmode found.
)) (c:/texlive/2024/texmf-dist/tex/latex/hycolor/hycolor.sty
Package: hycolor 2020-01-27 v1.10 Color options for hyperref/bookmark (HO)
) (c:/texlive/2024/texmf-dist/tex/latex/auxhook/auxhook.sty
Package: auxhook 2019-12-17 v1.6 Hooks for auxiliary files (HO)
) (c:/texlive/2024/texmf-dist/tex/latex/hyperref/nameref.sty
Package: nameref 2023-11-26 v2.56 Cross-referencing by name of section
(c:/texlive/2024/texmf-dist/tex/latex/refcount/refcount.sty
Package: refcount 2019/12/15 v3.6 Data extraction from label references (HO)
)
\c@section@level=\count315
)
\@linkdim=\dimen195
\Hy@linkcounter=\count316
\Hy@pagecounter=\count317
(c:/texlive/2024/texmf-dist/tex/latex/hyperref/pd1enc.def
File: pd1enc.def 2024-01-20 v7.01h Hyperref: PDFDocEncoding definition (HO)
Now handling font encoding PD1 ...
... no UTF-8 mapping file for font encoding PD1
) (c:/texlive/2024/texmf-dist/tex/generic/intcalc/intcalc.sty
Package: intcalc 2019/12/15 v1.3 Expandable calculations with integers (HO)
)
\Hy@SavedSpaceFactor=\count318
(c:/texlive/2024/texmf-dist/tex/latex/hyperref/puenc.def
File: puenc.def 2024-01-20 v7.01h Hyperref: PDF Unicode definition (HO)
Now handling font encoding PU ...
... no UTF-8 mapping file for font encoding PU
)
Package hyperref Info: Option `unicode' set `true' on input line 4062.
Package hyperref Info: Hyper figures OFF on input line 4179.
Package hyperref Info: Link nesting OFF on input line 4184.
Package hyperref Info: Hyper index ON on input line 4187.
Package hyperref Info: Plain pages OFF on input line 4194.
Package hyperref Info: Backreferencing OFF on input line 4199.
Package hyperref Info: Implicit mode ON; LaTeX internals redefined.
Package hyperref Info: Bookmarks ON on input line 4446.
\c@Hy@tempcnt=\count319
(c:/texlive/2024/texmf-dist/tex/latex/url/url.sty
\Urlmuskip=\muskip17
Package: url 2013/09/16  ver 3.4  Verb mode for urls, etc.
)
LaTeX Info: Redefining \url on input line 4784.
\XeTeXLinkMargin=\dimen196
(c:/texlive/2024/texmf-dist/tex/generic/bitset/bitset.sty
Package: bitset 2019/12/09 v1.3 Handle bit-vector datatype (HO)
(c:/texlive/2024/texmf-dist/tex/generic/bigintcalc/bigintcalc.sty
Package: bigintcalc 2019/12/15 v1.5 Expandable calculations on big integers (HO
)
))
\Fld@menulength=\count320
\Field@Width=\dimen197
\Fld@charsize=\dimen198
Package hyperref Info: Hyper figures OFF on input line 6063.
Package hyperref Info: Link nesting OFF on input line 6068.
Package hyperref Info: Hyper index ON on input line 6071.
Package hyperref Info: backreferencing OFF on input line 6078.
Package hyperref Info: Link coloring OFF on input line 6083.
Package hyperref Info: Link coloring with OCG OFF on input line 6088.
Package hyperref Info: PDF/A mode OFF on input line 6093.
(c:/texlive/2024/texmf-dist/tex/latex/base/atbegshi-ltx.sty
Package: atbegshi-ltx 2021/01/10 v1.0c Emulation of the original atbegshi
package with kernel methods
)
\Hy@abspage=\count321
\c@Item=\count322
\c@Hfootnote=\count323
)
Package hyperref Info: Driver (autodetected): hpdftex.
(c:/texlive/2024/texmf-dist/tex/latex/hyperref/hpdftex.def
File: hpdftex.def 2024-01-20 v7.01h Hyperref driver for pdfTeX
(c:/texlive/2024/texmf-dist/tex/latex/base/atveryend-ltx.sty
Package: atveryend-ltx 2020/08/19 v1.0a Emulation of the original atveryend pac
kage
with kernel methods
)
\Fld@listcount=\count324
\c@bookmark@seq@number=\count325
(c:/texlive/2024/texmf-dist/tex/latex/rerunfilecheck/rerunfilecheck.sty
Package: rerunfilecheck 2022-07-10 v1.10 Rerun checks for auxiliary files (HO)
(c:/texlive/2024/texmf-dist/tex/generic/uniquecounter/uniquecounter.sty
Package: uniquecounter 2019/12/15 v1.4 Provide unlimited unique counter (HO)
)
Package uniquecounter Info: New unique counter `rerunfilecheck' on input line 2
85.
)
\Hy@SectionHShift=\skip122
) (c:/texlive/2024/texmf-dist/tex/latex/bookmark/bkm-pdftex.def
File: bkm-pdftex.def 2023-12-10 v1.31 bookmark driver for pdfTeX and luaTeX (HO
)
\BKM@id=\count326
)) (c:/texlive/2024/texmf-dist/tex/latex/xurl/xurl.sty
Package: xurl 2022/01/09 v 0.10 modify URL breaks
)
Package csquotes Info: Checking for multilingual support...
Package csquotes Info: ... found 'babel' package.
Package csquotes Info: Adjusting default style.
Package csquotes Info: Redefining alias 'default' -> 'english'.
(./2_ams_five_pager.aux)
\openout1 = `2_ams_five_pager.aux'.

LaTeX Font Info:    Checking defaults for OML/cmm/m/it on input line 228.
LaTeX Font Info:    ... okay on input line 228.
LaTeX Font Info:    Checking defaults for OMS/cmsy/m/n on input line 228.
LaTeX Font Info:    ... okay on input line 228.
LaTeX Font Info:    Checking defaults for OT1/cmr/m/n on input line 228.
LaTeX Font Info:    ... okay on input line 228.
LaTeX Font Info:    Checking defaults for T1/cmr/m/n on input line 228.
LaTeX Font Info:    ... okay on input line 228.
LaTeX Font Info:    Checking defaults for TS1/cmr/m/n on input line 228.
LaTeX Font Info:    ... okay on input line 228.
LaTeX Font Info:    Checking defaults for OMX/cmex/m/n on input line 228.
LaTeX Font Info:    ... okay on input line 228.
LaTeX Font Info:    Checking defaults for U/cmr/m/n on input line 228.
LaTeX Font Info:    ... okay on input line 228.
LaTeX Font Info:    Checking defaults for PD1/pdf/m/n on input line 228.
LaTeX Font Info:    ... okay on input line 228.
LaTeX Font Info:    Checking defaults for PU/pdf/m/n on input line 228.
LaTeX Font Info:    ... okay on input line 228.
*geometry* driver: auto-detecting
*geometry* detected driver: pdftex
*geometry* verbose mode - [ preamble ] result:
* driver: pdftex
* paper: <default>
* layout: <same size as paper>
* layoutoffset:(h,v)=(0.0pt,0.0pt)
* modes: twoside 
* h-part:(L,W,R)=(72.26999pt, 469.75502pt, 72.26999pt)
* v-part:(T,H,B)=(72.26999pt, 650.43001pt, 72.26999pt)
* \paperwidth=614.295pt
* \paperheight=794.96999pt
* \textwidth=469.75502pt
* \textheight=650.43001pt
* \oddsidemargin=0.0pt
* \evensidemargin=0.0pt
* \topmargin=-37.0pt
* \headheight=15.2pt
* \headsep=25.0pt
* \topskip=12.0pt
* \footskip=30.0pt
* \marginparwidth=95.0pt
* \marginparsep=10.0pt
* \columnsep=10.0pt
* \skip\footins=10.8pt plus 4.0pt minus 2.0pt
* \hoffset=0.0pt
* \voffset=0.0pt
* \mag=1000
* \@twocolumnfalse
* \@twosidetrue
* \@mparswitchtrue
* \@reversemarginfalse
* (1in=72.27pt=25.4mm, 1cm=28.453pt)

(c:/texlive/2024/texmf-dist/tex/context/base/mkii/supp-pdf.mkii
[Loading MPS to PDF converter (version 2006.09.02).]
\scratchcounter=\count327
\scratchdimen=\dimen199
\scratchbox=\box67
\nofMPsegments=\count328
\nofMParguments=\count329
\everyMPshowfont=\toks36
\MPscratchCnt=\count330
\MPscratchDim=\dimen256
\MPnumerator=\count331
\makeMPintoPDFobject=\count332
\everyMPtoPDFconversion=\toks37
) (c:/texlive/2024/texmf-dist/tex/latex/epstopdf-pkg/epstopdf-base.sty
Package: epstopdf-base 2020-01-24 v2.11 Base part for package epstopdf
Package epstopdf-base Info: Redefining graphics rule for `.eps' on input line 4
85.
(c:/texlive/2024/texmf-dist/tex/latex/latexconfig/epstopdf-sys.cfg
File: epstopdf-sys.cfg 2010/07/13 v1.3 Configuration of (r)epstopdf for TeX Liv
e
)) (c:/texlive/2024/texmf-dist/tex/latex/apa6/config/APAamerican.txt
File: APAamerican.txt 2012/02/23 v1.25 apa6 configuration for American English
)
Package caption Info: Begin \AtBeginDocument code.
Package caption Info: float package is loaded.
Package caption Info: hyperref package is loaded.
Package caption Info: longtable package is loaded.
(c:/texlive/2024/texmf-dist/tex/latex/caption/ltcaption.sty
Package: ltcaption 2021/01/08 v1.4c longtable captions (AR)
)
Package caption Info: End \AtBeginDocument code.
LaTeX Info: Redefining \microtypecontext on input line 228.
Package microtype Info: Applying patch `item' on input line 228.
Package microtype Info: Applying patch `toc' on input line 228.
Package microtype Info: Applying patch `eqnum' on input line 228.
Package microtype Info: Applying patch `footnote' on input line 228.
Package microtype Info: Applying patch `verbatim' on input line 228.
Package microtype Info: Generating PDF output.
Package microtype Info: Character protrusion enabled (level 2).
Package microtype Info: Using protrusion set `basicmath'.
Package microtype Info: Automatic font expansion enabled (level 2),
(microtype)             stretch: 20, shrink: 20, step: 1, non-selected.
Package microtype Info: Using default expansion set `alltext-nott'.
LaTeX Info: Redefining \showhyphens on input line 228.
Package microtype Info: No adjustment of tracking.
Package microtype Info: No adjustment of interword spacing.
Package microtype Info: No adjustment of character kerning.
(c:/texlive/2024/texmf-dist/tex/latex/microtype/mt-cmr.cfg
File: mt-cmr.cfg 2013/05/19 v2.2 microtype config. file: Computer Modern Roman 
(RS)
)
Package hyperref Info: Link coloring OFF on input line 228.
Class apa6 Info: Keywords not defined on input line 230.
[1{c:/texlive/2024/texmf-var/fonts/map/pdftex/updmap/pdftex.map}{c:/texlive/202
4/texmf-dist/fonts/enc/dvips/lm/lm-ec.enc}

] [2] [3] [4] [5]
Underfull \vbox (badness 10000) has occurred while \output is active []

[6]
LaTeX Font Info:    Trying to load font information for OT1+lmr on input line 2
81.
(c:/texlive/2024/texmf-dist/tex/latex/lm/ot1lmr.fd
File: ot1lmr.fd 2015/05/01 v1.6.1 Font defs for Latin Modern
)
LaTeX Font Info:    Trying to load font information for OML+lmm on input line 2
81.
(c:/texlive/2024/texmf-dist/tex/latex/lm/omllmm.fd
File: omllmm.fd 2015/05/01 v1.6.1 Font defs for Latin Modern
)
LaTeX Font Info:    Trying to load font information for OMS+lmsy on input line 
281.
(c:/texlive/2024/texmf-dist/tex/latex/lm/omslmsy.fd
File: omslmsy.fd 2015/05/01 v1.6.1 Font defs for Latin Modern
)
LaTeX Font Info:    Trying to load font information for OMX+lmex on input line 
281.
(c:/texlive/2024/texmf-dist/tex/latex/lm/omxlmex.fd
File: omxlmex.fd 2015/05/01 v1.6.1 Font defs for Latin Modern
)
LaTeX Font Info:    External font `lmex10' loaded for size
(Font)              <12> on input line 281.
LaTeX Font Info:    External font `lmex10' loaded for size
(Font)              <8> on input line 281.
LaTeX Font Info:    External font `lmex10' loaded for size
(Font)              <6> on input line 281.
LaTeX Font Info:    Trying to load font information for U+msa on input line 281
.
(c:/texlive/2024/texmf-dist/tex/latex/amsfonts/umsa.fd
File: umsa.fd 2013/01/14 v3.01 AMS symbols A
) (c:/texlive/2024/texmf-dist/tex/latex/microtype/mt-msa.cfg
File: mt-msa.cfg 2006/02/04 v1.1 microtype config. file: AMS symbols (a) (RS)
)
LaTeX Font Info:    Trying to load font information for U+msb on input line 281
.
(c:/texlive/2024/texmf-dist/tex/latex/amsfonts/umsb.fd
File: umsb.fd 2013/01/14 v3.01 AMS symbols B
) (c:/texlive/2024/texmf-dist/tex/latex/microtype/mt-msb.cfg
File: mt-msb.cfg 2005/06/01 v1.0 microtype config. file: AMS symbols (b) (RS)
) (c:/texlive/2024/texmf-dist/tex/latex/microtype/mt-eur.cfg
File: mt-eur.cfg 2006/07/31 v1.1 microtype config. file: AMS Euler Roman (RS)
)
LaTeX Font Info:    External font `lmex10' loaded for size
(Font)              <10> on input line 281.
LaTeX Font Info:    External font `lmex10' loaded for size
(Font)              <7> on input line 281.
LaTeX Font Info:    External font `lmex10' loaded for size
(Font)              <5> on input line 281.

Underfull \vbox (badness 10000) has occurred while \output is active []

[7] [8]
Underfull \vbox (badness 10000) has occurred while \output is active []

[9] [10] [11]
Underfull \vbox (badness 10000) has occurred while \output is active []

[12]
LaTeX Font Info:    Trying to load font information for TS1+lmr on input line 3
67.
(c:/texlive/2024/texmf-dist/tex/latex/lm/ts1lmr.fd
File: ts1lmr.fd 2015/05/01 v1.6.1 Font defs for Latin Modern
)
Underfull \vbox (badness 1028) has occurred while \output is active []

[13{c:/texlive/2024/texmf-dist/fonts/enc/dvips/lm/lm-ts1.enc}]
Underfull \vbox (badness 10000) has occurred while \output is active []

[14] [15] [16] [17]
Underfull \vbox (badness 10000) has occurred while \output is active []

[18]
Underfull \vbox (badness 1275) has occurred while \output is active []

[19]
Underfull \vbox (badness 10000) has occurred while \output is active []

[20]
Underfull \vbox (badness 10000) has occurred while \output is active []

[21]
Underfull \vbox (badness 10000) has occurred while \output is active []

[22] [23]
Underfull \vbox (badness 10000) has occurred while \output is active []

[24]
Underfull \vbox (badness 1394) has occurred while \output is active []

[25]
Underfull \vbox (badness 4072) has occurred while \output is active []

[26] [27] [28]
Underfull \vbox (badness 10000) has occurred while \output is active []

[29] [30]
Underfull \vbox (badness 10000) has occurred while \output is active []

[31]
Underfull \vbox (badness 4072) has occurred while \output is active []

[32] [33] [34] [35]
Underfull \vbox (badness 10000) has occurred while \output is active []

[36] [37] [38] [39] [40] [41]
Underfull \vbox (badness 10000) has occurred while \output is active []

[42]
Underfull \vbox (badness 10000) has occurred while \output is active []

[43]
Underfull \vbox (badness 10000) has occurred while \output is active []

[44]
Underfull \vbox (badness 10000) has occurred while \output is active []

[45] [46] [47] [48]
Underfull \vbox (badness 8000) has occurred while \output is active []

[49]
Underfull \vbox (badness 10000) has occurred while \output is active []

[50]
Underfull \vbox (badness 10000) has occurred while \output is active []

[51]
Underfull \vbox (badness 10000) has occurred while \output is active []

[52]
Underfull \vbox (badness 10000) has occurred while \output is active []

[53]
Underfull \vbox (badness 10000) has occurred while \output is active []

[54]
Underfull \vbox (badness 10000) has occurred while \output is active []

[55] [56]
Underfull \vbox (badness 10000) has occurred while \output is active []

[57]
Underfull \vbox (badness 1430) has occurred while \output is active []

[58]
Underfull \vbox (badness 10000) has occurred while \output is active []

[59]
Underfull \vbox (badness 10000) has occurred while \output is active []

[60]
<rd.png, id=883, 829.59938pt x 296.60812pt>
File: rd.png Graphic file (type png)
<use rd.png>
Package pdftex.def Info: rd.png  used on input line 1162.
(pdftex.def)             Requested size: 375.79738pt x 134.35948pt.
[61]
Underfull \vbox (badness 10000) has occurred while \output is active []

[62 <./rd.png>]
Underfull \vbox (badness 10000) has occurred while \output is active []

[63]
Underfull \vbox (badness 2689) has occurred while \output is active []

[64]
Underfull \vbox (badness 1028) has occurred while \output is active []

[65]
Underfull \vbox (badness 10000) has occurred while \output is active []

[66] [67]
Underfull \vbox (badness 10000) has occurred while \output is active []

[68] [69] [70]
Underfull \vbox (badness 10000) has occurred while \output is active []

[71]
<2_ams_five_pager_files/figure-latex/unnamed-chunk-4-1.pdf, id=963, 448.67625pt
 x 297.11pt>
File: 2_ams_five_pager_files/figure-latex/unnamed-chunk-4-1.pdf Graphic file (t
ype pdf)
<use 2_ams_five_pager_files/figure-latex/unnamed-chunk-4-1.pdf>
Package pdftex.def Info: 2_ams_five_pager_files/figure-latex/unnamed-chunk-4-1.
pdf  used on input line 1380.
(pdftex.def)             Requested size: 352.32802pt x 233.30893pt.
[72 <./2_ams_five_pager_files/figure-latex/unnamed-chunk-4-1.pdf>]
<2_ams_five_pager_files/figure-latex/unnamed-chunk-5-1.pdf, id=977, 446.66875pt
 x 297.11pt>
File: 2_ams_five_pager_files/figure-latex/unnamed-chunk-5-1.pdf Graphic file (t
ype pdf)
<use 2_ams_five_pager_files/figure-latex/unnamed-chunk-5-1.pdf>
Package pdftex.def Info: 2_ams_five_pager_files/figure-latex/unnamed-chunk-5-1.
pdf  used on input line 1401.
(pdftex.def)             Requested size: 352.31918pt x 234.35164pt.
[73 <./2_ams_five_pager_files/figure-latex/unnamed-chunk-5-1.pdf>]
Underfull \vbox (badness 10000) has occurred while \output is active []

[74]
<2_ams_five_pager_files/figure-latex/unnamed-chunk-6-1.pdf, id=998, 445.665pt x
 284.06125pt>
File: 2_ams_five_pager_files/figure-latex/unnamed-chunk-6-1.pdf Graphic file (t
ype pdf)
<use 2_ams_five_pager_files/figure-latex/unnamed-chunk-6-1.pdf>
Package pdftex.def Info: 2_ams_five_pager_files/figure-latex/unnamed-chunk-6-1.
pdf  used on input line 1453.
(pdftex.def)             Requested size: 352.3163pt x 224.56195pt.
[75 <./2_ams_five_pager_files/figure-latex/unnamed-chunk-6-1.pdf>]
Underfull \vbox (badness 10000) has occurred while \output is active []

[76]
<2_ams_five_pager_files/figure-latex/unnamed-chunk-7-1.pdf, id=1019, 446.66875p
t x 289.08pt>
File: 2_ams_five_pager_files/figure-latex/unnamed-chunk-7-1.pdf Graphic file (t
ype pdf)
<use 2_ams_five_pager_files/figure-latex/unnamed-chunk-7-1.pdf>
Package pdftex.def Info: 2_ams_five_pager_files/figure-latex/unnamed-chunk-7-1.
pdf  used on input line 1498.
(pdftex.def)             Requested size: 352.31918pt x 228.0178pt.
[77]
Underfull \vbox (badness 10000) has occurred while \output is active []

[78 <./2_ams_five_pager_files/figure-latex/unnamed-chunk-7-1.pdf>]
<2_ams_five_pager_files/figure-latex/unnamed-chunk-8-1.pdf, id=1044, 453.695pt 
x 295.1025pt>
File: 2_ams_five_pager_files/figure-latex/unnamed-chunk-8-1.pdf Graphic file (t
ype pdf)
<use 2_ams_five_pager_files/figure-latex/unnamed-chunk-8-1.pdf>
Package pdftex.def Info: 2_ams_five_pager_files/figure-latex/unnamed-chunk-8-1.
pdf  used on input line 1541.
(pdftex.def)             Requested size: 352.31612pt x 229.16135pt.

Underfull \vbox (badness 10000) has occurred while \output is active []

[79] [80 <./2_ams_five_pager_files/figure-latex/unnamed-chunk-8-1.pdf>] [81] [8
2] [83] [84]
Underfull \vbox (badness 1028) has occurred while \output is active []

[85]
Underfull \vbox (badness 10000) has occurred while \output is active []

[86]
Underfull \vbox (badness 10000) has occurred while \output is active []

[87]
Underfull \vbox (badness 10000) has occurred while \output is active []

[88]
Underfull \vbox (badness 10000) has occurred while \output is active []

[89]
Underfull \vbox (badness 10000) has occurred while \output is active []

[90]
Underfull \vbox (badness 10000) has occurred while \output is active []

[91]
Underfull \vbox (badness 10000) has occurred while \output is active []

[92]
Underfull \vbox (badness 10000) has occurred while \output is active []

[93]
Underfull \vbox (badness 10000) has occurred while \output is active []

[94]
Underfull \vbox (badness 10000) has occurred while \output is active []

[95] [96] AED endfloat: Processing end Figures and Tables (./2_ams_five_pager.a
ux)
 ***********
LaTeX2e <2023-11-01> patch level 1
L3 programming layer <2020/03/25>
 ***********
 ) 
Here is how much of TeX's memory you used:
 19576 strings out of 474050
 316545 string characters out of 5746298
 1940754 words of memory out of 5000000
 41062 multiletter control sequences out of 15000+600000
 643435 words of font info for 196 fonts, out of 8000000 for 9000
 1141 hyphenation exceptions out of 8191
 83i,11n,93p,2259b,660s stack positions out of 10000i,1000n,20000p,200000b,200000s
<c:/texlive/2024/texmf-dist/fonts/type1/public/lm/lmbx12.pfb><c:/texlive/2024
/texmf-dist/fonts/type1/public/lm/lmbxi10.pfb><c:/texlive/2024/texmf-dist/fonts
/type1/public/lm/lmr10.pfb><c:/texlive/2024/texmf-dist/fonts/type1/public/lm/lm
r12.pfb><c:/texlive/2024/texmf-dist/fonts/type1/public/lm/lmr7.pfb><c:/texlive/
2024/texmf-dist/fonts/type1/public/lm/lmr8.pfb><c:/texlive/2024/texmf-dist/font
s/type1/public/lm/lmri10.pfb><c:/texlive/2024/texmf-dist/fonts/type1/public/lm/
lmri12.pfb>
Output written on 2_ams_five_pager.pdf (96 pages, 493330 bytes).
PDF statistics:
 1511 PDF objects out of 1728 (max. 8388607)
 1365 compressed objects within 14 object streams
 417 named destinations out of 1000 (max. 500000)
 43647 words of extra memory for PDF output out of 51595 (max. 10000000)

